<?xml version="1.0" encoding="UTF-8"?>
<!-- Generated by org.testng.reporters.JUnitXMLReporter -->
<testsuite hostname="DESKTOP-4IDMEKD" failures="0" tests="4" name="Test" time="210.967" errors="0" timestamp="10 Mar 2021 15:59:20 GMT">
  <testcase classname="GameSeeTest.GameSeeRegisterTest" name="GameseeRegisterationWithGmail" time="69.367"/>
  <testcase classname="GameSeeTest.GameSeeRegisterTest" name="CompleteProfileScreen" time="39.512"/>
  <testcase classname="GameSeeTest.GameSeeRegisterTest" name="RegisterWithPhoneNumber" time="17.418"/>
  <testcase classname="GameSeeTest.GameSeeRegisterTest" name="PhoneCompleteProfileOptionCase" time="77.357"/>
</testsuite> <!-- Test -->
