<?xml version="1.0" encoding="UTF-8"?>
<!-- Generated by org.testng.reporters.JUnitXMLReporter -->
<testsuite hostname="DESKTOP-4IDMEKD" failures="2" tests="2" name="GameseeTest" time="119.742" errors="0" timestamp="16 Dec 2020 05:49:00 GMT">
  <testcase classname="GameSeeTest.GameSeeRegisterTest" name="GameseeLauncher" time="67.285">
    <failure type="org.openqa.selenium.NoSuchElementException" message="no such element (An element could not be located on the page using the given search parameters (XPATH=&amp;apos;//*[@text=&amp;apos;GameSee&amp;apos;]&amp;apos;))  (WARNING: The server did not provide any stacktrace information)
Command duration or timeout: 0 milliseconds
For documentation on this error, please visit: http://seleniumhq.org/exceptions/no_such_element.html
Build info: version: &amp;apos;3.5.2&amp;apos;, revision: &amp;apos;10229a9&amp;apos;, time: &amp;apos;2017-08-21T17:29:55.15Z&amp;apos;
System info: host: &amp;apos;DESKTOP-4IDMEKD&amp;apos;, ip: &amp;apos;192.168.1.7&amp;apos;, os.name: &amp;apos;Windows 10&amp;apos;, os.arch: &amp;apos;amd64&amp;apos;, os.version: &amp;apos;10.0&amp;apos;, java.version: &amp;apos;10.0.2&amp;apos;
Driver info: io.appium.java_client.android.AndroidDriver
Capabilities [{device.majorVersion=10, dontGoHomeOnQuit=false, device.os=Android, noReset=false, dontStopAppOnReset=false, reservationDuration=240, reportFormat=xml, fullReset=false, platform=ANY, deviceUDID=MNFYBMT4RKUCGY45, install.only.for.update=false, desired={platformName=Android}, device.serialNumber=MNFYBMT4RKUCGY45, locationServicesAuthorized=false, device.version=10, reportDirectory=reports, javascriptEnabled=true, autoWebview=false, platformName=Android, udid=MNFYBMT4RKUCGY45, testName=mobile test 12/16/20 11:18 AM, device.screenSize=1080x2340, useKeystore=false, test.type=Mobile, commandTimeouts=120000, device.manufacture=OPPO, instrumentApp=false, appiumVersion=1.8.0, device.category=PHONE, autoDismissAlerts=false, reportUrl=C:\Users\lenovo\appiumstudio-reports\reports\test2205, newSessionWaitTimeout=600, keystorePath=~/.android/debug.keystore, waitForDeviceTimeout=120000, device.model=CPH1989, device.name=CPH1989, autoGrantPermissions=false, appBuildVersion=, appReleaseVersion=, takeScreenshots=true, projectName=, autoAcceptAlerts=false}]
Session ID: e1e4e407-bdc7-4eba-8420-5d33f3db43cc
*** Element info: {Using=xpath, value=//*[@text=&amp;apos;GameSee&amp;apos;]}">
      <![CDATA[org.openqa.selenium.NoSuchElementException: no such element (An element could not be located on the page using the given search parameters (XPATH='//*[@text='GameSee']'))  (WARNING: The server did not provide any stacktrace information)
Command duration or timeout: 0 milliseconds
For documentation on this error, please visit: http://seleniumhq.org/exceptions/no_such_element.html
Build info: version: '3.5.2', revision: '10229a9', time: '2017-08-21T17:29:55.15Z'
System info: host: 'DESKTOP-4IDMEKD', ip: '192.168.1.7', os.name: 'Windows 10', os.arch: 'amd64', os.version: '10.0', java.version: '10.0.2'
Driver info: io.appium.java_client.android.AndroidDriver
Capabilities [{device.majorVersion=10, dontGoHomeOnQuit=false, device.os=Android, noReset=false, dontStopAppOnReset=false, reservationDuration=240, reportFormat=xml, fullReset=false, platform=ANY, deviceUDID=MNFYBMT4RKUCGY45, install.only.for.update=false, desired={platformName=Android}, device.serialNumber=MNFYBMT4RKUCGY45, locationServicesAuthorized=false, device.version=10, reportDirectory=reports, javascriptEnabled=true, autoWebview=false, platformName=Android, udid=MNFYBMT4RKUCGY45, testName=mobile test 12/16/20 11:18 AM, device.screenSize=1080x2340, useKeystore=false, test.type=Mobile, commandTimeouts=120000, device.manufacture=OPPO, instrumentApp=false, appiumVersion=1.8.0, device.category=PHONE, autoDismissAlerts=false, reportUrl=C:\Users\lenovo\appiumstudio-reports\reports\test2205, newSessionWaitTimeout=600, keystorePath=~/.android/debug.keystore, waitForDeviceTimeout=120000, device.model=CPH1989, device.name=CPH1989, autoGrantPermissions=false, appBuildVersion=, appReleaseVersion=, takeScreenshots=true, projectName=, autoAcceptAlerts=false}]
Session ID: e1e4e407-bdc7-4eba-8420-5d33f3db43cc
*** Element info: {Using=xpath, value=//*[@text='GameSee']}
	at org.openqa.selenium.remote.ErrorHandler.createThrowable(ErrorHandler.java:215)
	at org.openqa.selenium.remote.ErrorHandler.throwIfResponseFailed(ErrorHandler.java:167)
	at org.openqa.selenium.remote.http.JsonHttpResponseCodec.reconstructValue(JsonHttpResponseCodec.java:40)
	at org.openqa.selenium.remote.http.AbstractHttpResponseCodec.decode(AbstractHttpResponseCodec.java:82)
	at org.openqa.selenium.remote.http.AbstractHttpResponseCodec.decode(AbstractHttpResponseCodec.java:45)
	at org.openqa.selenium.remote.HttpCommandExecutor.execute(HttpCommandExecutor.java:164)
	at io.appium.java_client.remote.AppiumCommandExecutor.execute(AppiumCommandExecutor.java:89)
	at org.openqa.selenium.remote.RemoteWebDriver.execute(RemoteWebDriver.java:641)
	at io.appium.java_client.DefaultGenericMobileDriver.execute(DefaultGenericMobileDriver.java:42)
	at io.appium.java_client.AppiumDriver.execute(AppiumDriver.java:1)
	at io.appium.java_client.android.AndroidDriver.execute(AndroidDriver.java:1)
	at org.openqa.selenium.remote.RemoteWebDriver.findElement(RemoteWebDriver.java:414)
	at io.appium.java_client.DefaultGenericMobileDriver.findElement(DefaultGenericMobileDriver.java:62)
	at io.appium.java_client.AppiumDriver.findElement(AppiumDriver.java:1)
	at io.appium.java_client.android.AndroidDriver.findElement(AndroidDriver.java:1)
	at org.openqa.selenium.remote.RemoteWebDriver.findElementByXPath(RemoteWebDriver.java:513)
	at io.appium.java_client.DefaultGenericMobileDriver.findElementByXPath(DefaultGenericMobileDriver.java:140)
	at io.appium.java_client.AppiumDriver.findElementByXPath(AppiumDriver.java:1)
	at io.appium.java_client.android.AndroidDriver.findElementByXPath(AndroidDriver.java:1)
	at org.openqa.selenium.By$ByXPath.findElement(By.java:361)
	at org.openqa.selenium.remote.RemoteWebDriver.findElement(RemoteWebDriver.java:406)
	at io.appium.java_client.DefaultGenericMobileDriver.findElement(DefaultGenericMobileDriver.java:58)
	at io.appium.java_client.AppiumDriver.findElement(AppiumDriver.java:1)
	at io.appium.java_client.android.AndroidDriver.findElement(AndroidDriver.java:1)
	at GameSeePKG.GameSeeClass.GameseeLaunch(GameSeeClass.java:46)
	at GameSeeTest.GameSeeRegisterTest.GameseeLauncher(GameSeeRegisterTest.java:23)
... Removed 28 stack frames]]>
    </failure>
  </testcase> <!-- GameseeLauncher -->
  <testcase classname="GameSeeTest.GameSeeRegisterTest" name="GameseeRegisteration" time="43.852">
    <failure type="org.openqa.selenium.NoSuchElementException" message="no such element (An element could not be located on the page using the given search parameters (XPATH=&amp;apos;//*[@id=&amp;apos;icon&amp;apos; and ./parent::*[./parent::*[@id=&amp;apos;key_pos_ime_action&amp;apos;]] and (./preceding-sibling::* | ./following-sibling::*)[@class=&amp;apos;android.widget.ImageView&amp;apos;]]&amp;apos;))  (WARNING: The server did not provide any stacktrace information)
Command duration or timeout: 0 milliseconds
For documentation on this error, please visit: http://seleniumhq.org/exceptions/no_such_element.html
Build info: version: &amp;apos;3.5.2&amp;apos;, revision: &amp;apos;10229a9&amp;apos;, time: &amp;apos;2017-08-21T17:29:55.15Z&amp;apos;
System info: host: &amp;apos;DESKTOP-4IDMEKD&amp;apos;, ip: &amp;apos;192.168.1.7&amp;apos;, os.name: &amp;apos;Windows 10&amp;apos;, os.arch: &amp;apos;amd64&amp;apos;, os.version: &amp;apos;10.0&amp;apos;, java.version: &amp;apos;10.0.2&amp;apos;
Driver info: io.appium.java_client.android.AndroidDriver
Capabilities [{device.majorVersion=10, dontGoHomeOnQuit=false, device.os=Android, noReset=false, dontStopAppOnReset=false, reservationDuration=240, reportFormat=xml, fullReset=false, platform=ANY, deviceUDID=MNFYBMT4RKUCGY45, install.only.for.update=false, desired={platformName=Android}, device.serialNumber=MNFYBMT4RKUCGY45, locationServicesAuthorized=false, device.version=10, reportDirectory=reports, javascriptEnabled=true, autoWebview=false, platformName=Android, udid=MNFYBMT4RKUCGY45, testName=mobile test 12/16/20 11:18 AM, device.screenSize=1080x2340, useKeystore=false, test.type=Mobile, commandTimeouts=120000, device.manufacture=OPPO, instrumentApp=false, appiumVersion=1.8.0, device.category=PHONE, autoDismissAlerts=false, reportUrl=C:\Users\lenovo\appiumstudio-reports\reports\test2205, newSessionWaitTimeout=600, keystorePath=~/.android/debug.keystore, waitForDeviceTimeout=120000, device.model=CPH1989, device.name=CPH1989, autoGrantPermissions=false, appBuildVersion=, appReleaseVersion=, takeScreenshots=true, projectName=, autoAcceptAlerts=false}]
Session ID: e1e4e407-bdc7-4eba-8420-5d33f3db43cc
*** Element info: {Using=xpath, value=xpath=//*[@id=&amp;apos;icon&amp;apos; and ./parent::*[./parent::*[@id=&amp;apos;key_pos_ime_action&amp;apos;]] and (./preceding-sibling::* | ./following-sibling::*)[@class=&amp;apos;android.widget.ImageView&amp;apos;]]}">
      <![CDATA[org.openqa.selenium.NoSuchElementException: no such element (An element could not be located on the page using the given search parameters (XPATH='//*[@id='icon' and ./parent::*[./parent::*[@id='key_pos_ime_action']] and (./preceding-sibling::* | ./following-sibling::*)[@class='android.widget.ImageView']]'))  (WARNING: The server did not provide any stacktrace information)
Command duration or timeout: 0 milliseconds
For documentation on this error, please visit: http://seleniumhq.org/exceptions/no_such_element.html
Build info: version: '3.5.2', revision: '10229a9', time: '2017-08-21T17:29:55.15Z'
System info: host: 'DESKTOP-4IDMEKD', ip: '192.168.1.7', os.name: 'Windows 10', os.arch: 'amd64', os.version: '10.0', java.version: '10.0.2'
Driver info: io.appium.java_client.android.AndroidDriver
Capabilities [{device.majorVersion=10, dontGoHomeOnQuit=false, device.os=Android, noReset=false, dontStopAppOnReset=false, reservationDuration=240, reportFormat=xml, fullReset=false, platform=ANY, deviceUDID=MNFYBMT4RKUCGY45, install.only.for.update=false, desired={platformName=Android}, device.serialNumber=MNFYBMT4RKUCGY45, locationServicesAuthorized=false, device.version=10, reportDirectory=reports, javascriptEnabled=true, autoWebview=false, platformName=Android, udid=MNFYBMT4RKUCGY45, testName=mobile test 12/16/20 11:18 AM, device.screenSize=1080x2340, useKeystore=false, test.type=Mobile, commandTimeouts=120000, device.manufacture=OPPO, instrumentApp=false, appiumVersion=1.8.0, device.category=PHONE, autoDismissAlerts=false, reportUrl=C:\Users\lenovo\appiumstudio-reports\reports\test2205, newSessionWaitTimeout=600, keystorePath=~/.android/debug.keystore, waitForDeviceTimeout=120000, device.model=CPH1989, device.name=CPH1989, autoGrantPermissions=false, appBuildVersion=, appReleaseVersion=, takeScreenshots=true, projectName=, autoAcceptAlerts=false}]
Session ID: e1e4e407-bdc7-4eba-8420-5d33f3db43cc
*** Element info: {Using=xpath, value=xpath=//*[@id='icon' and ./parent::*[./parent::*[@id='key_pos_ime_action']] and (./preceding-sibling::* | ./following-sibling::*)[@class='android.widget.ImageView']]}
	at org.openqa.selenium.remote.ErrorHandler.createThrowable(ErrorHandler.java:215)
	at org.openqa.selenium.remote.ErrorHandler.throwIfResponseFailed(ErrorHandler.java:167)
	at org.openqa.selenium.remote.http.JsonHttpResponseCodec.reconstructValue(JsonHttpResponseCodec.java:40)
	at org.openqa.selenium.remote.http.AbstractHttpResponseCodec.decode(AbstractHttpResponseCodec.java:82)
	at org.openqa.selenium.remote.http.AbstractHttpResponseCodec.decode(AbstractHttpResponseCodec.java:45)
	at org.openqa.selenium.remote.HttpCommandExecutor.execute(HttpCommandExecutor.java:164)
	at io.appium.java_client.remote.AppiumCommandExecutor.execute(AppiumCommandExecutor.java:89)
	at org.openqa.selenium.remote.RemoteWebDriver.execute(RemoteWebDriver.java:641)
	at io.appium.java_client.DefaultGenericMobileDriver.execute(DefaultGenericMobileDriver.java:42)
	at io.appium.java_client.AppiumDriver.execute(AppiumDriver.java:1)
	at io.appium.java_client.android.AndroidDriver.execute(AndroidDriver.java:1)
	at org.openqa.selenium.remote.RemoteWebDriver.findElement(RemoteWebDriver.java:414)
	at io.appium.java_client.DefaultGenericMobileDriver.findElement(DefaultGenericMobileDriver.java:62)
	at io.appium.java_client.AppiumDriver.findElement(AppiumDriver.java:1)
	at io.appium.java_client.android.AndroidDriver.findElement(AndroidDriver.java:1)
	at org.openqa.selenium.remote.RemoteWebDriver.findElementByXPath(RemoteWebDriver.java:513)
	at io.appium.java_client.DefaultGenericMobileDriver.findElementByXPath(DefaultGenericMobileDriver.java:140)
	at io.appium.java_client.AppiumDriver.findElementByXPath(AppiumDriver.java:1)
	at io.appium.java_client.android.AndroidDriver.findElementByXPath(AndroidDriver.java:1)
	at org.openqa.selenium.By$ByXPath.findElement(By.java:361)
	at org.openqa.selenium.remote.RemoteWebDriver.findElement(RemoteWebDriver.java:406)
	at io.appium.java_client.DefaultGenericMobileDriver.findElement(DefaultGenericMobileDriver.java:58)
	at io.appium.java_client.AppiumDriver.findElement(AppiumDriver.java:1)
	at io.appium.java_client.android.AndroidDriver.findElement(AndroidDriver.java:1)
	at GameSeePKG.GameSeeClass.SocialRegister(GameSeeClass.java:66)
	at GameSeeTest.GameSeeRegisterTest.GameseeRegisteration(GameSeeRegisterTest.java:30)
... Removed 28 stack frames]]>
    </failure>
  </testcase> <!-- GameseeRegisteration -->
</testsuite> <!-- GameseeTest -->
